[1.052s] Invoking command in '/ros/dev_ws/src/rmc_camera': PYTHONPATH=/ros/dev_ws/src/rmc_camera/install/rmc_camera/lib/python3.8/site-packages:${PYTHONPATH} /usr/bin/python3 setup.py egg_info --egg-base build/rmc_camera build --build-base /ros/dev_ws/src/rmc_camera/build/rmc_camera/build install --prefix /ros/dev_ws/src/rmc_camera/install/rmc_camera --record /ros/dev_ws/src/rmc_camera/build/rmc_camera/install.log --single-version-externally-managed
[1.428s] running egg_info
[1.429s] creating build/rmc_camera/rmc_camera.egg-info
[1.429s] writing build/rmc_camera/rmc_camera.egg-info/PKG-INFO
[1.430s] writing dependency_links to build/rmc_camera/rmc_camera.egg-info/dependency_links.txt
[1.430s] writing entry points to build/rmc_camera/rmc_camera.egg-info/entry_points.txt
[1.430s] writing requirements to build/rmc_camera/rmc_camera.egg-info/requires.txt
[1.430s] writing top-level names to build/rmc_camera/rmc_camera.egg-info/top_level.txt
[1.433s] writing manifest file 'build/rmc_camera/rmc_camera.egg-info/SOURCES.txt'
[1.504s] reading manifest file 'build/rmc_camera/rmc_camera.egg-info/SOURCES.txt'
[1.505s] writing manifest file 'build/rmc_camera/rmc_camera.egg-info/SOURCES.txt'
[1.506s] running build
[1.506s] running build_py
[1.506s] creating /ros/dev_ws/src/rmc_camera/build/rmc_camera/build
[1.506s] creating /ros/dev_ws/src/rmc_camera/build/rmc_camera/build/lib
[1.506s] creating /ros/dev_ws/src/rmc_camera/build/rmc_camera/build/lib/rmc_camera
[1.507s] copying rmc_camera/registry.py -> /ros/dev_ws/src/rmc_camera/build/rmc_camera/build/lib/rmc_camera
[1.507s] copying rmc_camera/publisher_obstruction.py -> /ros/dev_ws/src/rmc_camera/build/rmc_camera/build/lib/rmc_camera
[1.508s] copying rmc_camera/__init__.py -> /ros/dev_ws/src/rmc_camera/build/rmc_camera/build/lib/rmc_camera
[1.508s] copying rmc_camera/image.py -> /ros/dev_ws/src/rmc_camera/build/rmc_camera/build/lib/rmc_camera
[1.508s] copying rmc_camera/test_video_feed.py -> /ros/dev_ws/src/rmc_camera/build/rmc_camera/build/lib/rmc_camera
[1.508s] copying rmc_camera/publisher_feed.py -> /ros/dev_ws/src/rmc_camera/build/rmc_camera/build/lib/rmc_camera
[1.508s] copying rmc_camera/subscriber_feed.py -> /ros/dev_ws/src/rmc_camera/build/rmc_camera/build/lib/rmc_camera
[1.508s] copying rmc_camera/publisher_object_detection.py -> /ros/dev_ws/src/rmc_camera/build/rmc_camera/build/lib/rmc_camera
[1.509s] running install
[1.510s] running install_lib
[1.511s] creating /ros/dev_ws/src/rmc_camera/install/rmc_camera/lib/python3.8/site-packages/rmc_camera
[1.512s] copying /ros/dev_ws/src/rmc_camera/build/rmc_camera/build/lib/rmc_camera/registry.py -> /ros/dev_ws/src/rmc_camera/install/rmc_camera/lib/python3.8/site-packages/rmc_camera
[1.512s] copying /ros/dev_ws/src/rmc_camera/build/rmc_camera/build/lib/rmc_camera/publisher_obstruction.py -> /ros/dev_ws/src/rmc_camera/install/rmc_camera/lib/python3.8/site-packages/rmc_camera
[1.512s] copying /ros/dev_ws/src/rmc_camera/build/rmc_camera/build/lib/rmc_camera/__init__.py -> /ros/dev_ws/src/rmc_camera/install/rmc_camera/lib/python3.8/site-packages/rmc_camera
[1.512s] copying /ros/dev_ws/src/rmc_camera/build/rmc_camera/build/lib/rmc_camera/image.py -> /ros/dev_ws/src/rmc_camera/install/rmc_camera/lib/python3.8/site-packages/rmc_camera
[1.513s] copying /ros/dev_ws/src/rmc_camera/build/rmc_camera/build/lib/rmc_camera/test_video_feed.py -> /ros/dev_ws/src/rmc_camera/install/rmc_camera/lib/python3.8/site-packages/rmc_camera
[1.513s] copying /ros/dev_ws/src/rmc_camera/build/rmc_camera/build/lib/rmc_camera/publisher_feed.py -> /ros/dev_ws/src/rmc_camera/install/rmc_camera/lib/python3.8/site-packages/rmc_camera
[1.513s] copying /ros/dev_ws/src/rmc_camera/build/rmc_camera/build/lib/rmc_camera/subscriber_feed.py -> /ros/dev_ws/src/rmc_camera/install/rmc_camera/lib/python3.8/site-packages/rmc_camera
[1.513s] copying /ros/dev_ws/src/rmc_camera/build/rmc_camera/build/lib/rmc_camera/publisher_object_detection.py -> /ros/dev_ws/src/rmc_camera/install/rmc_camera/lib/python3.8/site-packages/rmc_camera
[1.514s] byte-compiling /ros/dev_ws/src/rmc_camera/install/rmc_camera/lib/python3.8/site-packages/rmc_camera/registry.py to registry.cpython-38.pyc
[1.517s] byte-compiling /ros/dev_ws/src/rmc_camera/install/rmc_camera/lib/python3.8/site-packages/rmc_camera/publisher_obstruction.py to publisher_obstruction.cpython-38.pyc
[1.518s] byte-compiling /ros/dev_ws/src/rmc_camera/install/rmc_camera/lib/python3.8/site-packages/rmc_camera/__init__.py to __init__.cpython-38.pyc
[1.518s] byte-compiling /ros/dev_ws/src/rmc_camera/install/rmc_camera/lib/python3.8/site-packages/rmc_camera/image.py to image.cpython-38.pyc
[1.520s] byte-compiling /ros/dev_ws/src/rmc_camera/install/rmc_camera/lib/python3.8/site-packages/rmc_camera/test_video_feed.py to test_video_feed.cpython-38.pyc
[1.521s] byte-compiling /ros/dev_ws/src/rmc_camera/install/rmc_camera/lib/python3.8/site-packages/rmc_camera/publisher_feed.py to publisher_feed.cpython-38.pyc
[1.522s] byte-compiling /ros/dev_ws/src/rmc_camera/install/rmc_camera/lib/python3.8/site-packages/rmc_camera/subscriber_feed.py to subscriber_feed.cpython-38.pyc
[1.524s] byte-compiling /ros/dev_ws/src/rmc_camera/install/rmc_camera/lib/python3.8/site-packages/rmc_camera/publisher_object_detection.py to publisher_object_detection.cpython-38.pyc
[1.524s] running install_data
[1.525s] creating /ros/dev_ws/src/rmc_camera/install/rmc_camera/share/ament_index
[1.526s] creating /ros/dev_ws/src/rmc_camera/install/rmc_camera/share/ament_index/resource_index
[1.526s] creating /ros/dev_ws/src/rmc_camera/install/rmc_camera/share/ament_index/resource_index/packages
[1.526s] copying resource/rmc_camera -> /ros/dev_ws/src/rmc_camera/install/rmc_camera/share/ament_index/resource_index/packages
[1.526s] copying package.xml -> /ros/dev_ws/src/rmc_camera/install/rmc_camera/share/rmc_camera
[1.527s] running install_egg_info
[1.530s] Copying build/rmc_camera/rmc_camera.egg-info to /ros/dev_ws/src/rmc_camera/install/rmc_camera/lib/python3.8/site-packages/rmc_camera-0.0.0-py3.8.egg-info
[1.531s] running install_scripts
[1.580s] Installing publisher_feed script to /ros/dev_ws/src/rmc_camera/install/rmc_camera/lib/rmc_camera
[1.580s] Installing publisher_object_detection script to /ros/dev_ws/src/rmc_camera/install/rmc_camera/lib/rmc_camera
[1.580s] Installing publisher_obstruction script to /ros/dev_ws/src/rmc_camera/install/rmc_camera/lib/rmc_camera
[1.581s] Installing subscriber_feed script to /ros/dev_ws/src/rmc_camera/install/rmc_camera/lib/rmc_camera
[1.581s] Installing test_video_feed script to /ros/dev_ws/src/rmc_camera/install/rmc_camera/lib/rmc_camera
[1.581s] writing list of installed files to '/ros/dev_ws/src/rmc_camera/build/rmc_camera/install.log'
[1.634s] Invoked command in '/ros/dev_ws/src/rmc_camera' returned '0': PYTHONPATH=/ros/dev_ws/src/rmc_camera/install/rmc_camera/lib/python3.8/site-packages:${PYTHONPATH} /usr/bin/python3 setup.py egg_info --egg-base build/rmc_camera build --build-base /ros/dev_ws/src/rmc_camera/build/rmc_camera/build install --prefix /ros/dev_ws/src/rmc_camera/install/rmc_camera --record /ros/dev_ws/src/rmc_camera/build/rmc_camera/install.log --single-version-externally-managed
